app/proguard-rules.pro
# Add project specific ProGuard rules here.
# You can control the set of applied configuration files using the
# proguardFiles setting in build.gradle.
#
# For more details, see
#   http://developer.android.com/guide/developing/tools/proguard.html

# If your project uses WebView with JS, uncomment the following
# and specify the fully qualified class name to the JavaScript interface
# class:
#-keepclassmembers class fqcn.of.javascript.interface.for.webview {
#   public *;
#}

# Uncomment this to preserve the line number information for
# debugging stack traces.
#-keepattributes SourceFile,LineNumberTable

# If you keep the line number information, uncomment this to
# hide the original source file name.
#-renamesourcefileattribute SourceFile
######################## 公共 ########################

#指定代码的压缩级别
-optimizationpasses 5

# 混淆时所采用的算法
-optimizations !code/simplification/arithmetic,!field/*,!class/merging/*

#记录生成的日志数据,gradle build时在本项目根目录输出
#apk 包内所有 class 的内部结构
-dump class_files.txt
#未混淆的类和成员
-printseeds seeds.txt
#列出从 apk 中删除的代码
-printusage unused.txt
#混淆前后的映射
-printmapping mapping.txt
#不混淆反射用到的类
-keepattributes Signature
-keepattributes EnclosingMethod

#保持继承自系统类的class不被混淆
-keep public class * extends android.app.Activity
-keep public class * extends android.app.Application
-keep public class * extends android.app.Service
-keep public class * extends android.content.BroadcastReceiver
-keep public class * extends android.content.ContentProvider
-keep public class * extends android.app.backup.BackupAgentHelper
-keep public class * extends android.preference.Preference
-keep interface android.support.v4.app.** { *; }
-keep class android.support.v4.** { *; }
-keep public class * extends android.support.v4.**
-keep interface android.support.v7.app.** { *; }
-keep class android.support.v7.** { *; }
-keep public class * extends android.support.v7.**
-keep public class * extends android.app.Fragment
-keep class * extends android.**{*;}
-keep class android.support.**{*;}
-keep class com.tencent.tinker.**{*;}


#不混淆Serializable接口的子类中指定的某些成员变量和方法
-keepclassmembers class * implements java.io.Serializable {
    static final long serialVersionUID;
    private static final java.io.ObjectStreamField[] serialPersistentFields;
    private void writeObject(java.io.ObjectOutputStream);
    private void readObject(java.io.ObjectInputStream);
    java.lang.Object writeReplace();
    java.lang.Object readResolve();
}
#############################################
#不混淆AndroidBootstrap
-keep class com.beardedhen.androidbootstrap.**{*;}
-dontwarn com.beardedhen.androidbootstrap.**
############ 保持自定义控件不被混淆 ############

-keepclasseswithmembernames class * {
    public <init>(android.content.Context);
}
-keepclasseswithmembernames class * {
    public <init>(android.content.Context, android.util.AttributeSet);
}
-keepclasseswithmembernames class * {
    public <init>(android.content.Context, android.util.AttributeSet, int);
}
-keepclasseswithmembernames class * {
    public <init>(android.content.Context, android.util.AttributeSet, int, int);
}

#-applymapping mapping.txt