app/mapping.txt
com.demo.MainActivity -> com.demo.MainActivity:
    java.lang.String TAG -> TAG
    void <init>() -> <init>
    void onCreate(android.os.Bundle) -> onCreate
    void loadPatchDex() -> loadPatchDex
    boolean copyPathDex(java.io.File,java.io.File) -> copyPathDex
    boolean copyPatchDexToDataDir(java.lang.String,java.io.File) -> copyPatchDexToDataDir
    void loadPatchLibraries() -> loadPatchLibraries
com.demo.Master -> com.demo.a:
    void showTTTT() -> a
    void test() -> b
com.demo.Test -> com.demo.b:
    void show() -> a
    int add(int,int) -> a
com.demo.Test$1 -> com.demo.b$1:
    void <init>() -> <init>
    void run() -> run
com.demo.Test$Inner -> com.demo.b$a:
    float height -> a
    void <init>(int) -> <init>
    void test() -> a
com.demo.app.MyApplication -> com.demo.app.MyApplication:
    void <init>() -> <init>
com.demo.app.StubApplicationLike -> com.demo.app.StubApplicationLike:
    void <init>(android.app.Application,int,boolean,long,long,android.content.Intent) -> <init>
    void onBaseContextAttached(android.content.Context) -> onBaseContextAttached
    void registerActivityLifecycleCallbacks(android.app.Application$ActivityLifecycleCallbacks) -> registerActivityLifecycleCallbacks
com.demo.report.SampleLoadReporter -> com.demo.report.a:
    void onLoadPatchListenerReceiveFail(java.io.File,int) -> a
    void onLoadResult(java.io.File,int,long) -> a
    void onLoadException(java.lang.Throwable,int) -> a
    void onLoadFileMd5Mismatch(java.io.File,int) -> b
    void onLoadFileNotFound(java.io.File,int,boolean) -> a
    void onLoadPackageCheckFail(java.io.File,int) -> c
    void onLoadPatchInfoCorrupted(java.lang.String,java.lang.String,java.io.File) -> a
    void onLoadInterpret(int,java.lang.Throwable) -> a
    void onLoadPatchVersionChanged(java.lang.String,java.lang.String,java.io.File,java.lang.String) -> a
    android.content.Context access$000(com.demo.report.SampleLoadReporter) -> a
com.demo.report.SampleLoadReporter$1 -> com.demo.report.SampleLoadReporter$1:
    com.demo.report.SampleLoadReporter this$0 -> this$0
    void <init>(com.demo.report.SampleLoadReporter) -> <init>
    boolean queueIdle() -> queueIdle
com.demo.report.SampleTinkerReport -> com.demo.report.b:
    com.demo.report.SampleTinkerReport$Reporter reporter -> a
    void onTryApplyFail(int) -> a
    void onLoadPackageCheckFail(int) -> b
    void onLoaded(long) -> a
    void onLoadInfoCorrupted() -> a
    void onLoadFileNotFound(int) -> c
    void onLoadInterpretReport(int,java.lang.Throwable) -> a
    void onLoadFileMisMatch(int) -> d
    void onLoadException(java.lang.Throwable,int) -> a
    void onReportRetryPatch() -> b
    void <clinit>() -> <clinit>
com.demo.report.SampleTinkerReport$Reporter -> com.demo.report.b$a:
    void onReport(int) -> a
    void onReport(java.lang.String) -> a
com.demo.service.SampleResultService -> com.demo.service.SampleResultService:
    java.lang.String TAG -> TAG
    void <init>() -> <init>
    void onPatchResult(com.tencent.tinker.lib.service.PatchResult) -> onPatchResult
    void restartProcess() -> restartProcess
    void access$000(com.demo.service.SampleResultService) -> access$000
com.demo.service.SampleResultService$1 -> com.demo.service.SampleResultService$1:
    com.tencent.tinker.lib.service.PatchResult val$result -> a
    com.demo.service.SampleResultService this$0 -> b
    void <init>(com.demo.service.SampleResultService,com.tencent.tinker.lib.service.PatchResult) -> <init>
    void run() -> run
com.demo.service.SampleResultService$2 -> com.demo.service.SampleResultService$2:
    com.demo.service.SampleResultService this$0 -> a
    void <init>(com.demo.service.SampleResultService) -> <init>
    void onScreenOff() -> a
com.demo.utils.Utils -> com.demo.utils.a:
    boolean background -> a
    boolean isBackground() -> a
    java.lang.String getExceptionCauseString(java.lang.Throwable) -> a
    java.lang.String toVisualString(java.lang.String) -> a
    void <clinit>() -> <clinit>
...
android.support.v4.view.ViewCompatJellybeanMr2 -> android.support.v4.view.ViewCompatJellybeanMr2:
    void <init>() -> <init>
    android.graphics.Rect getClipBounds(android.view.View) -> getClipBounds
    void setClipBounds(android.view.View,android.graphics.Rect) -> setClipBounds
android.support.v4.view.ViewCompatKitKat -> android.support.v4.view.ViewCompatKitKat:
    void <init>() -> <init>
    int getAccessibilityLiveRegion(android.view.View) -> getAccessibilityLiveRegion
    void setAccessibilityLiveRegion(android.view.View,int) -> setAccessibilityLiveRegion
    boolean isLaidOut(android.view.View) -> isLaidOut
    boolean isAttachedToWindow(android.view.View) -> isAttachedToWindow
android.support.v4.view.ViewCompatLollipop -> android.support.v4.view.ViewCompatLollipop:
    void <init>() -> <init>
    void setTransitionName(android.view.View,java.lang.String) -> setTransitionName
    java.lang.String getTransitionName(android.view.View) -> getTransitionName
    void requestApplyInsets(android.view.View) -> requestApplyInsets
    void setElevation(android.view.View,float) -> setElevation
    float getElevation(android.view.View) -> getElevation
    void setTranslationZ(android.view.View,float) -> setTranslationZ
    float getTranslationZ(android.view.View) -> getTranslationZ
    void setOnApplyWindowInsetsListener(android.view.View,android.support.v4.view.OnApplyWindowInsetsListener) -> setOnApplyWindowInsetsListener
    boolean isImportantForAccessibility(android.view.View) -> isImportantForAccessibility
    android.content.res.ColorStateList getBackgroundTintList(android.view.View) -> getBackgroundTintList
    void setBackgroundTintList(android.view.View,android.content.res.ColorStateList) -> setBackgroundTintList
    android.graphics.PorterDuff$Mode getBackgroundTintMode(android.view.View) -> getBackgroundTintMode
    void setBackgroundTintMode(android.view.View,android.graphics.PorterDuff$Mode) -> setBackgroundTintMode
    android.support.v4.view.WindowInsetsCompat onApplyWindowInsets(android.view.View,android.support.v4.view.WindowInsetsCompat) -> onApplyWindowInsets
android.support.v4.view.ViewCompatLollipop$1 -> android.support.v4.view.ViewCompatLollipop$1:
    android.support.v4.view.OnApplyWindowInsetsListener val$listener -> val$listener
    void <init>(android.support.v4.view.OnApplyWindowInsetsListener) -> <init>
    android.view.WindowInsets onApplyWindowInsets(android.view.View,android.view.WindowInsets) -> onApplyWindowInsets
android.support.v4.view.ViewCompatMarshmallow -> android.support.v4.view.ViewCompatMarshmallow:
    void <init>() -> <init>
    void setScrollIndicators(android.view.View,int) -> setScrollIndicators
    void setScrollIndicators(android.view.View,int,int) -> setScrollIndicators
    int getScrollIndicators(android.view.View) -> getScrollIndicators
android.support.v4.view.ViewConfigurationCompat -> android.support.v4.view.ViewConfigurationCompat:
    android.support.v4.view.ViewConfigurationCompat$ViewConfigurationVersionImpl IMPL -> IMPL
    void <init>() -> <init>
    int getScaledPagingTouchSlop(android.view.ViewConfiguration) -> getScaledPagingTouchSlop
    boolean hasPermanentMenuKey(android.view.ViewConfiguration) -> hasPermanentMenuKey
    void <clinit>() -> <clinit>
android.support.v4.view.ViewConfigurationCompat$BaseViewConfigurationVersionImpl -> android.support.v4.view.ViewConfigurationCompat$BaseViewConfigurationVersionImpl:
    void <init>() -> <init>
    int getScaledPagingTouchSlop(android.view.ViewConfiguration) -> getScaledPagingTouchSlop
    boolean hasPermanentMenuKey(android.view.ViewConfiguration) -> hasPermanentMenuKey
android.support.v4.view.ViewConfigurationCompat$FroyoViewConfigurationVersionImpl -> android.support.v4.view.ViewConfigurationCompat$FroyoViewConfigurationVersionImpl:
    void <init>() -> <init>
    int getScaledPagingTouchSlop(android.view.ViewConfiguration) -> getScaledPagingTouchSlop